----------

Mon Jul 15 2024 21:32:20 GMT-0600 (hora estándar central)

fatal: no es un repositorio git (ni ninguno de los directorios superiores): .git


----------

Mon Jul 15 2024 21:32:20 GMT-0600 (hora estándar central)

fatal: no es un repositorio git (ni ninguno de los directorios superiores): .git


----------

Mon Jul 15 2024 21:32:20 GMT-0600 (hora estándar central)

fatal: no es un repositorio git (ni ninguno de los directorios superiores): .git


----------

Mon Jul 15 2024 21:40:05 GMT-0600 (hora estándar central)

sudo: a terminal is required to read the password; either use the -S option to read from standard input or configure an askpass helper


----------

Mon Jul 15 2024 21:40:05 GMT-0600 (hora estándar central)

sudo: a password is required


----------

Mon Jul 15 2024 21:40:05 GMT-0600 (hora estándar central)

sudo: a terminal is required to read the password; either use the -S option to read from standard input or configure an askpass helper


----------

Mon Jul 15 2024 21:40:05 GMT-0600 (hora estándar central)

sudo: a password is required


----------

Mon Jul 15 2024 21:40:05 GMT-0600 (hora estándar central)

sudo: a terminal is required to read the password; either use the -S option to read from standard input or configure an askpass helper


----------

Mon Jul 15 2024 21:40:05 GMT-0600 (hora estándar central)

sudo: a password is required


----------

Mon Jul 15 2024 21:40:21 GMT-0600 (hora estándar central)

sudo: a terminal is required to read the password; either use the -S option to read from standard input or configure an askpass helper


----------

Mon Jul 15 2024 21:40:21 GMT-0600 (hora estándar central)

sudo: a password is required


----------

Mon Jul 15 2024 21:40:21 GMT-0600 (hora estándar central)

sudo: a terminal is required to read the password; either use the -S option to read from standard input or configure an askpass helper


----------

Mon Jul 15 2024 21:40:21 GMT-0600 (hora estándar central)

sudo: a password is required


----------

Mon Jul 15 2024 21:40:21 GMT-0600 (hora estándar central)

sudo: a terminal is required to read the password; either use the -S option to read from standard input or configure an askpass helper


----------

Mon Jul 15 2024 21:40:21 GMT-0600 (hora estándar central)

sudo: a password is required


